[    4391ms] [WARNING] Mixed Content: The page at 'https://www.google.com/search?gs_ssp=eJzj4tLP1TcoqiwoyE1XYDRgdGDwYkvPLMkoTQIAWC4HFA&q=github&oq=git&gs_lcrp=EgZjaHJvbWUqEwgBEC4YgwEYxwEYsQMY0QMYgAQyDwgAEEUYORiDARixAxiABDITCAEQLhiDARjHARixAxjRAxiABDIKCAIQABixAxiABDIKCAMQABixAxiABDIKCAQQABixAxiABDIKCAUQABixAxiABDIHCAYQABiABDIGCAcQBRhA0gEIMjM5N2owajeoAgCwAgA&sourceid=chrome&ie=UTF-8&source=chrome.ob&sei=x5ENapPKEYXhseMPwNrXmQM' was loaded over HTTPS, but requested an insecure element 'http://img.youtube.com/vi/NKIX0g9RPxw/hqdefault.jpg'. This request was automatically upgraded to HTTPS, For more information see https://blog.chromium.org/2019/10/no-more-mixed-messages-about-https.html @ https://www.google.com/search?gs_ssp=eJzj4tLP1TcoqiwoyE1XYDRgdGDwYkvPLMkoTQIAWC4HFA&q=github&oq=git&gs_lcrp=EgZjaHJvbWUqEwgBEC4YgwEYxwEYsQMY0QMYgAQyDwgAEEUYORiDARixAxiABDITCAEQLhiDARjHARixAxjRAxiABDIKCAIQABixAxiABDIKCAMQABixAxiABDIKCAQQABixAxiABDIKCAUQABixAxiABDIHCAYQABiABDIGCAcQBRhA0gEIMjM5N2owajeoAgCwAgA&sourceid=chrome&ie=UTF-8&source=chrome.ob&sei=x5ENapPKEYXhseMPwNrXmQM:0
[    8183ms] [ERROR] Failed to load resource: the server responded with a status of 503 () @ https://collector.github.com/github/collect:0
[    8190ms] [ERROR] Failed to load resource: the server responded with a status of 503 () @ https://collector.github.com/github/collect:0
[   10662ms] [VERBOSE] [DOM] Password field is not contained in a form: (More info: https://goo.gl/9p2vKq) %o @ https://accounts.google.com/v3/signin/identifier?opparams=%253F&dsh=S204950546%3A1779274190245629&client_id=1078992815106-brpsupgvhheqg35tupphbh0qk9c32nq8.apps.googleusercontent.com&code_challenge=Opc_LbbkMO633fQAcGCPlHPBwz5icfnnQOTXCxrR7Lc&code_challenge_method=S256&nonce=4be70b6a9f56ea037a4e7934b3e289b4&o2v=2&prompt=select_account&redirect_uri=https%3A%2F%2Fgithub.com%2Fsessions%2Fsocial%2Fgoogle%2Fcallback&response_type=code&scope=openid+email+profile&service=lso&state=6c765bb5e9bfe254189beb3abbfbf216&flowName=GeneralOAuthFlow&continue=https%3A%2F%2Faccounts.google.com%2Fsignin%2Foauth%2Fconsent%3Fauthuser%3Dunknown%26part%3DAJi8hAPZ-Oq6iCZD52Hdzv91uwOIrobeYJX6817QreLmvkvi-2RDBF3FdvVEtZt4p7nmogyCc20RQQD7lB-zkjLPiet_-OtUVCTJIOliw3JT1kpR0yexEyrRjTXQxIs2I72_XHlydna-9KYAkkhvfkTLIkHbNf7F3-45YAgLalJQYAAbIGqLxqHH9BPEek0RRG6lfs0bFX5o4QRvXdDGkkJxyob-p2lfeyGHa7kTvs_PexUonbRf9SR0PQ4hs4lqj7EC8RluDJw8XAmEPU_gSjdqZzkQ3h0n8zC4vdPwKgk1i0OkS2HaGGaok07sBUl1ZsgvUPRCKw2guwzggbRU7W2oSxxh-sxrWfk6uuJXlofOAWeeLwddoE40oHZtH2HqxKBWlKcBMs1U9aoUrXmc378v-rx-RkFRtEE_tHYz7bEI4LajMxGn_P2ZzQ4eKT0X10OFZdUDNSfUKsn4JM6X4PdQxlt1QaYakQ%26flowName%3DGeneralOAuthFlow%26as%3DS204950546%253A1779274190245629%26client_id%3D1078992815106-brpsupgvhheqg35tupphbh0qk9c32nq8.apps.googleusercontent.com%26requestPath%3D%252Fsignin%252Foauth%252Fconsent%23&app_domain=https%3A%2F%2Fgithub.com&rart=ANgoxccbvxVM1DIN7CJn_Ca2Cj6b2ZBQN7U5mZZRBaF9buZdRf-m1QSythnrdj9ZiVkrf9YdDftVEY4TeyJi3QzVY43deLsAgVPHwMuoEHHoHDo3hSF8DYs:0
[   10688ms] [LOG] %c%s color: red; background: yellow; font-size: 24px; WARNING! @ https://www.gstatic.com/_/mss/boq-identity/_/js/k=boq-identity.AccountsSignInUi.en_US.alsf3k9Xrdw.es5.O/am=iW8AAACEQhQhA4D__38DAAggiA74ngVoAoQMAAAAAAAAAABYAAAAjQ/d=1/excm=_b,_tp,identifierview/ed=1/dg=0/wt=2/ujg=1/rs=AOaEmlE7fFskHgsLnNdHErRzI3vKfyc2SQ/dti=1/m=_b,_tp:545
[   10688ms] [LOG] %c%s font-size: 18px; Using this console may allow attackers to impersonate you and steal your information using an attack called Self-XSS.
Do not enter or paste code that you do not understand. @ https://www.gstatic.com/_/mss/boq-identity/_/js/k=boq-identity.AccountsSignInUi.en_US.alsf3k9Xrdw.es5.O/am=iW8AAACEQhQhA4D__38DAAggiA74ngVoAoQMAAAAAAAAAABYAAAAjQ/d=1/excm=_b,_tp,identifierview/ed=1/dg=0/wt=2/ujg=1/rs=AOaEmlE7fFskHgsLnNdHErRzI3vKfyc2SQ/dti=1/m=_b,_tp:545
[   20450ms] [ERROR] Failed to load resource: the server responded with a status of 503 () @ https://collector.github.com/github/collect:0
[   21217ms] [ERROR] Failed to load resource: the server responded with a status of 503 () @ https://collector.github.com/github/collect:0
[   21415ms] [ERROR] Failed to load resource: the server responded with a status of 503 () @ https://collector.github.com/github/collect:0
[   22711ms] [ERROR] Failed to load resource: the server responded with a status of 503 () @ https://collector.github.com/github/collect:0
[   25919ms] [ERROR] Failed to load resource: the server responded with a status of 503 () @ https://collector.github.com/github/collect:0
[   31032ms] [ERROR] Failed to load resource: the server responded with a status of 503 () @ https://collector.github.com/github/collect:0
[   31525ms] [ERROR] Failed to load resource: the server responded with a status of 503 () @ https://collector.github.com/github/collect:0
[   32896ms] [ERROR] Failed to load resource: the server responded with a status of 503 () @ https://collector.github.com/github/collect:0
[   35304ms] [ERROR] Failed to load resource: the server responded with a status of 503 () @ https://collector.github.com/github/collect:0
[   35521ms] [ERROR] Failed to load resource: the server responded with a status of 503 () @ https://collector.github.com/github/collect:0
[   36167ms] [ERROR] Failed to load resource: the server responded with a status of 503 () @ https://collector.github.com/github/collect:0
[   36548ms] [ERROR] Failed to load resource: the server responded with a status of 503 () @ https://collector.github.com/github/collect:0
[   36754ms] [ERROR] Failed to load resource: the server responded with a status of 503 () @ https://collector.github.com/github/collect:0
[   38253ms] [ERROR] Failed to load resource: the server responded with a status of 503 () @ https://collector.github.com/github/collect:0
[   39343ms] [ERROR] Failed to load resource: the server responded with a status of 503 () @ https://collector.github.com/github/collect:0
[   44418ms] [ERROR] Failed to load resource: the server responded with a status of 503 () @ https://collector.github.com/github/collect:0
[   50014ms] [ERROR] Failed to load resource: the server responded with a status of 503 () @ https://collector.github.com/github/collect:0
[   51553ms] [ERROR] Failed to load resource: the server responded with a status of 503 () @ https://collector.github.com/github/collect:0
[   52174ms] [ERROR] Failed to load resource: the server responded with a status of 503 () @ https://collector.github.com/github/collect:0
[   52230ms] [ERROR] Failed to load resource: the server responded with a status of 503 () @ https://collector.github.com/github/collect:0
[   54607ms] [ERROR] Failed to load resource: the server responded with a status of 503 () @ https://collector.github.com/github/collect:0
[   57257ms] [ERROR] Failed to load resource: the server responded with a status of 503 () @ https://collector.github.com/github/collect:0
[   59079ms] [ERROR] Failed to load resource: the server responded with a status of 503 () @ https://collector.github.com/github/collect:0
[   59081ms] [ERROR] Failed to load resource: the server responded with a status of 503 () @ https://collector.github.com/github/collect:0
[   59857ms] [ERROR] Failed to load resource: the server responded with a status of 503 () @ https://collector.github.com/github/collect:0
[   60024ms] [ERROR] Failed to load resource: the server responded with a status of 503 () @ https://collector.github.com/github/collect:0
[   61444ms] [ERROR] Failed to load resource: the server responded with a status of 503 () @ https://collector.github.com/github/collect:0
[   62990ms] [ERROR] Failed to load resource: the server responded with a status of 503 () @ https://collector.github.com/github/collect:0
[   69662ms] [ERROR] Failed to load resource: the server responded with a status of 503 () @ https://collector.github.com/github/collect:0
[   70728ms] [ERROR] Failed to load resource: the server responded with a status of 503 () @ https://collector.github.com/github/collect:0
[   71791ms] [ERROR] Failed to load resource: the server responded with a status of 503 () @ https://collector.github.com/github/collect:0
[   72183ms] [ERROR] Failed to load resource: the server responded with a status of 503 () @ https://collector.github.com/github/collect:0
[   73375ms] [ERROR] Failed to load resource: the server responded with a status of 503 () @ https://collector.github.com/github/collect:0
[   74604ms] [ERROR] Failed to load resource: the server responded with a status of 503 () @ https://collector.github.com/github/collect:0
[   75889ms] [ERROR] Failed to load resource: the server responded with a status of 503 () @ https://collector.github.com/github/collect:0
[   76957ms] [ERROR] Failed to load resource: the server responded with a status of 503 () @ https://collector.github.com/github/collect:0
[   78756ms] [ERROR] Failed to load resource: the server responded with a status of 503 () @ https://collector.github.com/github/collect:0
[   82239ms] [ERROR] Failed to load resource: the server responded with a status of 503 () @ https://collector.github.com/github/collect:0
[   83143ms] [ERROR] Failed to load resource: the server responded with a status of 503 () @ https://collector.github.com/github/collect:0
[   87308ms] [ERROR] Failed to load resource: the server responded with a status of 503 () @ https://collector.github.com/github/collect:0
[   87804ms] [ERROR] Failed to load resource: the server responded with a status of 503 () @ https://collector.github.com/github/collect:0
[   88893ms] [ERROR] Failed to load resource: the server responded with a status of 503 () @ https://collector.github.com/github/collect:0
[   90929ms] [ERROR] Failed to load resource: the server responded with a status of 503 () @ https://collector.github.com/github/collect:0
[   92947ms] [ERROR] Failed to load resource: the server responded with a status of 503 () @ https://collector.github.com/github/collect:0
[   93001ms] [ERROR] Failed to load resource: the server responded with a status of 503 () @ https://collector.github.com/github/collect:0
[  101615ms] [ERROR] Failed to load resource: the server responded with a status of 503 () @ https://collector.github.com/github/collect:0
[  107211ms] [ERROR] Failed to load resource: the server responded with a status of 503 () @ https://collector.github.com/github/collect:0
[  110559ms] [ERROR] Failed to load resource: the server responded with a status of 503 () @ https://collector.github.com/github/collect:0
[  112953ms] [ERROR] Failed to load resource: the server responded with a status of 503 () @ https://collector.github.com/github/collect:0
[  114680ms] [ERROR] Failed to load resource: the server responded with a status of 503 () @ https://collector.github.com/github/collect:0
[  117200ms] [ERROR] Failed to load resource: the server responded with a status of 503 () @ https://collector.github.com/github/collect:0
[  119531ms] [ERROR] Failed to load resource: the server responded with a status of 503 () @ https://collector.github.com/github/collect:0
[  121080ms] [ERROR] Failed to load resource: the server responded with a status of 503 () @ https://collector.github.com/github/collect:0
[  121896ms] [ERROR] Failed to load resource: the server responded with a status of 503 () @ https://collector.github.com/github/collect:0
[  122360ms] [ERROR] Failed to load resource: the server responded with a status of 503 () @ https://collector.github.com/github/collect:0
[  123364ms] [ERROR] Failed to load resource: the server responded with a status of 503 () @ https://collector.github.com/github/collect:0
[  124464ms] [ERROR] Failed to load resource: the server responded with a status of 503 () @ https://collector.github.com/github/collect:0
[  127457ms] [ERROR] Failed to load resource: the server responded with a status of 503 () @ https://collector.github.com/github/collect:0
[  128435ms] [ERROR] Failed to load resource: the server responded with a status of 503 () @ https://collector.github.com/github/collect:0
[  129459ms] [ERROR] Failed to load resource: the server responded with a status of 503 () @ https://collector.github.com/github/collect:0
[  130489ms] [ERROR] Failed to load resource: the server responded with a status of 503 () @ https://collector.github.com/github/collect:0
[  135007ms] [ERROR] Failed to load resource: the server responded with a status of 503 () @ https://collector.github.com/github/collect:0
[  140425ms] [ERROR] Failed to load resource: the server responded with a status of 503 () @ https://collector.github.com/github/collect:0
[  141330ms] [ERROR] Failed to load resource: the server responded with a status of 503 () @ https://collector.github.com/github/collect:0
[  141428ms] [ERROR] Failed to load resource: the server responded with a status of 503 () @ https://collector.github.com/github/collect:0
[  141661ms] [ERROR] Failed to load resource: the server responded with a status of 503 () @ https://collector.github.com/github/collect:0
[  144267ms] [ERROR] Failed to load resource: the server responded with a status of 503 () @ https://collector.github.com/github/collect:0
[  144809ms] [ERROR] Failed to load resource: the server responded with a status of 503 () @ https://collector.github.com/github/collect:0
[  144878ms] [ERROR] Failed to load resource: the server responded with a status of 503 () @ https://collector.github.com/github/collect:0
[  146334ms] [ERROR] Failed to load resource: the server responded with a status of 503 () @ https://collector.github.com/github/collect:0
[  146971ms] [ERROR] Failed to load resource: the server responded with a status of 503 () @ https://collector.github.com/github/collect:0
[  148724ms] [ERROR] Failed to load resource: the server responded with a status of 503 () @ https://collector.github.com/github/collect:0
[  150771ms] [ERROR] Failed to load resource: the server responded with a status of 503 () @ https://collector.github.com/github/collect:0
[  152187ms] [ERROR] Failed to load resource: the server responded with a status of 503 () @ https://collector.github.com/github/collect:0
[  152994ms] [ERROR] Failed to load resource: the server responded with a status of 503 () @ https://collector.github.com/github/collect:0
[  154672ms] [ERROR] Failed to load resource: the server responded with a status of 503 () @ https://collector.github.com/github/collect:0
[  155966ms] [ERROR] Failed to load resource: the server responded with a status of 503 () @ https://collector.github.com/github/collect:0
[  156470ms] [ERROR] Failed to load resource: the server responded with a status of 503 () @ https://collector.github.com/github/collect:0
[  157298ms] [ERROR] Failed to load resource: the server responded with a status of 503 () @ https://collector.github.com/github/collect:0
[  159371ms] [ERROR] Failed to load resource: the server responded with a status of 503 () @ https://collector.github.com/github/collect:0
[  160415ms] [ERROR] Failed to load resource: the server responded with a status of 503 () @ https://collector.github.com/github/collect:0
[  169003ms] [ERROR] Failed to load resource: the server responded with a status of 503 () @ https://collector.github.com/github/collect:0
[  169577ms] [ERROR] Failed to load resource: the server responded with a status of 503 () @ https://collector.github.com/github/collect:0
[  170564ms] [ERROR] Failed to load resource: the server responded with a status of 503 () @ https://collector.github.com/github/collect:0
[  172691ms] [ERROR] Failed to load resource: the server responded with a status of 503 () @ https://collector.github.com/github/collect:0
[  183041ms] [ERROR] Failed to load resource: the server responded with a status of 503 () @ https://collector.github.com/github/collect:0
[  184670ms] [ERROR] Failed to load resource: the server responded with a status of 503 () @ https://collector.github.com/github/collect:0
[  184882ms] [ERROR] Failed to load resource: the server responded with a status of 503 () @ https://collector.github.com/github/collect:0
[  188029ms] [ERROR] Failed to load resource: the server responded with a status of 503 () @ https://collector.github.com/github/collect:0
[  188920ms] [ERROR] Failed to load resource: the server responded with a status of 503 () @ https://collector.github.com/github/collect:0
[  197787ms] [ERROR] Failed to load resource: the server responded with a status of 503 () @ https://collector.github.com/github/collect:0
[  197913ms] [ERROR] Failed to load resource: the server responded with a status of 503 () @ https://collector.github.com/github/collect:0
[  203811ms] [ERROR] Failed to load resource: the server responded with a status of 503 () @ https://collector.github.com/github/collect:0
[  203820ms] [ERROR] Failed to load resource: the server responded with a status of 503 () @ https://collector.github.com/github/collect:0
[  205743ms] [ERROR] Failed to load resource: the server responded with a status of 504 () @ https://collector.github.com/github/collect:0
[  206932ms] [ERROR] Failed to load resource: the server responded with a status of 503 () @ https://collector.github.com/github/collect:0
[  207064ms] [ERROR] Failed to load resource: the server responded with a status of 503 () @ https://collector.github.com/github/collect:0
[  210110ms] [ERROR] Failed to load resource: the server responded with a status of 503 () @ https://collector.github.com/github/collect:0
[  214216ms] [ERROR] Failed to load resource: the server responded with a status of 503 () @ https://collector.github.com/github/collect:0
[  214357ms] [ERROR] Failed to load resource: the server responded with a status of 503 () @ https://collector.github.com/github/collect:0
[  222293ms] [ERROR] Failed to load resource: the server responded with a status of 503 () @ https://collector.github.com/github/collect:0
[  222402ms] [ERROR] Failed to load resource: the server responded with a status of 503 () @ https://collector.github.com/github/collect:0
[  222539ms] [ERROR] Failed to load resource: the server responded with a status of 503 () @ https://collector.github.com/github/collect:0
[  223634ms] [ERROR] Failed to load resource: the server responded with a status of 503 () @ https://collector.github.com/github/collect:0
[  227491ms] [ERROR] Failed to load resource: the server responded with a status of 503 () @ https://collector.github.com/github/collect:0
[  228413ms] [ERROR] Failed to load resource: the server responded with a status of 503 () @ https://collector.github.com/github/collect:0
[  231711ms] [ERROR] Failed to load resource: the server responded with a status of 503 () @ https://collector.github.com/github/collect:0
[  234323ms] [ERROR] Failed to load resource: the server responded with a status of 503 () @ https://collector.github.com/github/collect:0
[  234579ms] [ERROR] Failed to load resource: the server responded with a status of 503 () @ https://collector.github.com/github/collect:0
[  238921ms] [ERROR] Failed to load resource: the server responded with a status of 503 () @ https://collector.github.com/github/collect:0
[  240937ms] [ERROR] Failed to load resource: the server responded with a status of 503 () @ https://collector.github.com/github/collect:0
[  241734ms] [ERROR] Failed to load resource: the server responded with a status of 503 () @ https://collector.github.com/github/collect:0
[  242600ms] [ERROR] Failed to load resource: the server responded with a status of 503 () @ https://collector.github.com/github/collect:0
[  247700ms] [ERROR] Failed to load resource: the server responded with a status of 503 () @ https://collector.github.com/github/collect:0
[  248758ms] [ERROR] Failed to load resource: the server responded with a status of 503 () @ https://collector.github.com/github/collect:0
[  251222ms] [ERROR] Failed to load resource: the server responded with a status of 503 () @ https://collector.github.com/github/collect:0
[  253847ms] [ERROR] Failed to load resource: the server responded with a status of 503 () @ https://collector.github.com/github/collect:0
[  255516ms] [ERROR] Failed to load resource: the server responded with a status of 504 () @ https://collector.github.com/github/collect:0
[  256278ms] [ERROR] Failed to load resource: the server responded with a status of 503 () @ https://collector.github.com/github/collect:0
[  256281ms] [ERROR] Failed to load resource: the server responded with a status of 503 () @ https://collector.github.com/github/collect:0
[  256468ms] [ERROR] Failed to load resource: the server responded with a status of 503 () @ https://collector.github.com/github/collect:0
[  256823ms] [ERROR] Failed to load resource: the server responded with a status of 503 () @ https://collector.github.com/github/collect:0
[  257865ms] [ERROR] Failed to load resource: the server responded with a status of 503 () @ https://collector.github.com/github/collect:0
[  258859ms] [ERROR] Failed to load resource: the server responded with a status of 503 () @ https://collector.github.com/github/collect:0
[  259763ms] [ERROR] Failed to load resource: the server responded with a status of 503 () @ https://collector.github.com/github/collect:0
[  259890ms] [ERROR] Failed to load resource: the server responded with a status of 503 () @ https://collector.github.com/github/collect:0
[  265079ms] [ERROR] Failed to load resource: the server responded with a status of 503 () @ https://collector.github.com/github/collect:0
[  266314ms] [ERROR] Failed to load resource: the server responded with a status of 503 () @ https://collector.github.com/github/collect:0
[  266952ms] [ERROR] Failed to load resource: the server responded with a status of 503 () @ https://collector.github.com/github/collect:0
[  267263ms] [ERROR] Failed to load resource: the server responded with a status of 503 () @ https://collector.github.com/github/collect:0
[  269452ms] [ERROR] Failed to load resource: the server responded with a status of 503 () @ https://collector.github.com/github/collect:0
[  270673ms] [ERROR] Failed to load resource: the server responded with a status of 503 () @ https://collector.github.com/github/collect:0
[  275359ms] [ERROR] Failed to load resource: the server responded with a status of 503 () @ https://collector.github.com/github/collect:0
[  282070ms] [ERROR] Failed to load resource: the server responded with a status of 503 () @ https://collector.github.com/github/collect:0
[  285960ms] [ERROR] Failed to load resource: the server responded with a status of 503 () @ https://collector.github.com/github/collect:0
[  288401ms] [ERROR] Failed to load resource: the server responded with a status of 503 () @ https://collector.github.com/github/collect:0
[  288633ms] [ERROR] Failed to load resource: the server responded with a status of 503 () @ https://collector.github.com/github/collect:0
[  289338ms] [ERROR] Failed to load resource: the server responded with a status of 503 () @ https://collector.github.com/github/collect:0
[  291566ms] [ERROR] Failed to load resource: the server responded with a status of 503 () @ https://collector.github.com/github/collect:0
[  292653ms] [ERROR] Failed to load resource: the server responded with a status of 503 () @ https://collector.github.com/github/collect:0
[  296917ms] [ERROR] Failed to load resource: the server responded with a status of 503 () @ https://collector.github.com/github/collect:0
[  297285ms] [ERROR] Failed to load resource: the server responded with a status of 503 () @ https://collector.github.com/github/collect:0
[  297566ms] [ERROR] Failed to load resource: the server responded with a status of 503 () @ https://collector.github.com/github/collect:0
[  299252ms] [ERROR] Failed to load resource: the server responded with a status of 503 () @ https://collector.github.com/github/collect:0
[  300185ms] [ERROR] Failed to load resource: the server responded with a status of 503 () @ https://collector.github.com/github/collect:0
[  300566ms] [ERROR] Failed to load resource: the server responded with a status of 503 () @ https://collector.github.com/github/collect:0
